[2025-12-19 11:00:51,372] INFO [QuorumController id=1] Periodic task electPreferred generated 0 records in 16 microseconds. (org.apache.kafka.controller.PeriodicTaskControlManager)
[2025-12-19 11:00:51,373] INFO [QuorumController id=1] Periodic task electUnclean generated 0 records in 11 microseconds. (org.apache.kafka.controller.PeriodicTaskControlManager)
[2025-12-19 11:00:51,410] INFO [QuorumController id=1] In the last 60000 ms period, 324 controller events were completed, which took an average of 9.57 ms each. The slowest event was writeNoOpRecord(1981528619), which took 29.04 ms. (org.apache.kafka.controller.EventPerformanceMonitor)
[2025-12-19 11:01:51,410] INFO [QuorumController id=1] In the last 60000 ms period, 324 controller events were completed, which took an average of 10.14 ms each. The slowest event was writeNoOpRecord(1161213608), which took 27.81 ms. (org.apache.kafka.controller.EventPerformanceMonitor)
[2025-12-19 11:02:51,410] INFO [QuorumController id=1] In the last 60000 ms period, 325 controller events were completed, which took an average of 9.48 ms each. The slowest event was writeNoOpRecord(376288818), which took 27.82 ms. (org.apache.kafka.controller.EventPerformanceMonitor)
[2025-12-19 11:03:51,411] INFO [QuorumController id=1] In the last 60000 ms period, 324 controller events were completed, which took an average of 9.46 ms each. The slowest event was writeNoOpRecord(1620635867), which took 31.47 ms. (org.apache.kafka.controller.EventPerformanceMonitor)
[2025-12-19 11:04:51,411] INFO [QuorumController id=1] In the last 60000 ms period, 324 controller events were completed, which took an average of 9.46 ms each. The slowest event was writeNoOpRecord(955907384), which took 29.45 ms. (org.apache.kafka.controller.EventPerformanceMonitor)
[2025-12-19 11:05:51,373] INFO [QuorumController id=1] Periodic task electPreferred generated 0 records in 16 microseconds. (org.apache.kafka.controller.PeriodicTaskControlManager)
[2025-12-19 11:05:51,373] INFO [QuorumController id=1] Periodic task electUnclean generated 0 records in 12 microseconds. (org.apache.kafka.controller.PeriodicTaskControlManager)
[2025-12-19 11:05:51,411] INFO [QuorumController id=1] In the last 60000 ms period, 327 controller events were completed, which took an average of 9.34 ms each. The slowest event was writeNoOpRecord(1433913049), which took 27.43 ms. (org.apache.kafka.controller.EventPerformanceMonitor)
[2025-12-19 11:06:51,411] INFO [QuorumController id=1] In the last 60000 ms period, 324 controller events were completed, which took an average of 9.44 ms each. The slowest event was writeNoOpRecord(698561257), which took 29.32 ms. (org.apache.kafka.controller.EventPerformanceMonitor)
[2025-12-19 11:07:51,412] INFO [QuorumController id=1] In the last 60000 ms period, 324 controller events were completed, which took an average of 9.47 ms each. The slowest event was writeNoOpRecord(1598677288), which took 28.05 ms. (org.apache.kafka.controller.EventPerformanceMonitor)
[2025-12-19 11:08:51,412] INFO [QuorumController id=1] In the last 60000 ms period, 325 controller events were completed, which took an average of 9.40 ms each. The slowest event was writeNoOpRecord(29657453), which took 26.84 ms. (org.apache.kafka.controller.EventPerformanceMonitor)
[2025-12-19 11:09:51,412] INFO [QuorumController id=1] In the last 60000 ms period, 324 controller events were completed, which took an average of 9.99 ms each. The slowest event was writeNoOpRecord(2094048272), which took 28.56 ms. (org.apache.kafka.controller.EventPerformanceMonitor)
[2025-12-19 11:10:51,373] INFO [QuorumController id=1] Periodic task electPreferred generated 0 records in 14 microseconds. (org.apache.kafka.controller.PeriodicTaskControlManager)
[2025-12-19 11:10:51,373] INFO [QuorumController id=1] Periodic task electUnclean generated 0 records in 11 microseconds. (org.apache.kafka.controller.PeriodicTaskControlManager)
[2025-12-19 11:10:51,412] INFO [QuorumController id=1] In the last 60000 ms period, 326 controller events were completed, which took an average of 9.86 ms each. The slowest event was writeNoOpRecord(576052665), which took 27.58 ms. (org.apache.kafka.controller.EventPerformanceMonitor)
[2025-12-19 11:11:51,413] INFO [QuorumController id=1] In the last 60000 ms period, 325 controller events were completed, which took an average of 9.78 ms each. The slowest event was writeNoOpRecord(943813823), which took 27.20 ms. (org.apache.kafka.controller.EventPerformanceMonitor)
[2025-12-19 11:12:51,413] INFO [QuorumController id=1] In the last 60000 ms period, 324 controller events were completed, which took an average of 9.47 ms each. The slowest event was writeNoOpRecord(771348468), which took 30.77 ms. (org.apache.kafka.controller.EventPerformanceMonitor)
[2025-12-19 11:13:51,413] INFO [QuorumController id=1] In the last 60000 ms period, 324 controller events were completed, which took an average of 9.45 ms each. The slowest event was writeNoOpRecord(1392698349), which took 31.17 ms. (org.apache.kafka.controller.EventPerformanceMonitor)
[2025-12-19 11:14:51,414] INFO [QuorumController id=1] In the last 60000 ms period, 325 controller events were completed, which took an average of 9.38 ms each. The slowest event was writeNoOpRecord(29330498), which took 28.23 ms. (org.apache.kafka.controller.EventPerformanceMonitor)
[2025-12-19 11:15:51,375] INFO [QuorumController id=1] Periodic task electPreferred generated 0 records in 20 microseconds. (org.apache.kafka.controller.PeriodicTaskControlManager)
[2025-12-19 11:15:51,375] INFO [QuorumController id=1] Periodic task electUnclean generated 0 records in 13 microseconds. (org.apache.kafka.controller.PeriodicTaskControlManager)
[2025-12-19 11:15:51,414] INFO [QuorumController id=1] In the last 60000 ms period, 326 controller events were completed, which took an average of 9.39 ms each. The slowest event was writeNoOpRecord(1148616086), which took 29.70 ms. (org.apache.kafka.controller.EventPerformanceMonitor)
[2025-12-19 11:16:51,414] INFO [QuorumController id=1] In the last 60000 ms period, 324 controller events were completed, which took an average of 9.42 ms each. The slowest event was writeNoOpRecord(1240834142), which took 27.80 ms. (org.apache.kafka.controller.EventPerformanceMonitor)
[2025-12-19 11:17:51,415] INFO [QuorumController id=1] In the last 60000 ms period, 325 controller events were completed, which took an average of 9.42 ms each. The slowest event was writeNoOpRecord(1708556239), which took 29.09 ms. (org.apache.kafka.controller.EventPerformanceMonitor)
[2025-12-19 11:18:51,415] INFO [QuorumController id=1] In the last 60000 ms period, 324 controller events were completed, which took an average of 9.44 ms each. The slowest event was writeNoOpRecord(165752872), which took 28.18 ms. (org.apache.kafka.controller.EventPerformanceMonitor)
[2025-12-19 11:19:51,416] INFO [QuorumController id=1] In the last 60000 ms period, 324 controller events were completed, which took an average of 9.49 ms each. The slowest event was writeNoOpRecord(1612723801), which took 28.94 ms. (org.apache.kafka.controller.EventPerformanceMonitor)
[2025-12-19 11:20:51,375] INFO [QuorumController id=1] Periodic task electPreferred generated 0 records in 14 microseconds. (org.apache.kafka.controller.PeriodicTaskControlManager)
[2025-12-19 11:20:51,375] INFO [QuorumController id=1] Periodic task electUnclean generated 0 records in 10 microseconds. (org.apache.kafka.controller.PeriodicTaskControlManager)
[2025-12-19 11:20:51,416] INFO [QuorumController id=1] In the last 60000 ms period, 327 controller events were completed, which took an average of 9.73 ms each. The slowest event was writeNoOpRecord(968486621), which took 31.15 ms. (org.apache.kafka.controller.EventPerformanceMonitor)
[2025-12-19 11:21:51,416] INFO [QuorumController id=1] In the last 60000 ms period, 324 controller events were completed, which took an average of 9.78 ms each. The slowest event was writeNoOpRecord(1596815402), which took 27.74 ms. (org.apache.kafka.controller.EventPerformanceMonitor)
[2025-12-19 11:22:51,416] INFO [QuorumController id=1] In the last 60000 ms period, 322 controller events were completed, which took an average of 9.41 ms each. The slowest event was writeNoOpRecord(1357257140), which took 29.39 ms. (org.apache.kafka.controller.EventPerformanceMonitor)
[2025-12-19 11:23:51,417] INFO [QuorumController id=1] In the last 60000 ms period, 325 controller events were completed, which took an average of 9.47 ms each. The slowest event was writeNoOpRecord(841714889), which took 30.38 ms. (org.apache.kafka.controller.EventPerformanceMonitor)
[2025-12-19 11:24:51,417] INFO [QuorumController id=1] In the last 60000 ms period, 324 controller events were completed, which took an average of 9.44 ms each. The slowest event was writeNoOpRecord(1449368345), which took 29.89 ms. (org.apache.kafka.controller.EventPerformanceMonitor)
[2025-12-19 11:25:51,375] INFO [QuorumController id=1] Periodic task electPreferred generated 0 records in 12 microseconds. (org.apache.kafka.controller.PeriodicTaskControlManager)
[2025-12-19 11:25:51,375] INFO [QuorumController id=1] Periodic task electUnclean generated 0 records in 10 microseconds. (org.apache.kafka.controller.PeriodicTaskControlManager)
[2025-12-19 11:25:51,417] INFO [QuorumController id=1] In the last 60000 ms period, 326 controller events were completed, which took an average of 9.40 ms each. The slowest event was writeNoOpRecord(2102875107), which took 31.66 ms. (org.apache.kafka.controller.EventPerformanceMonitor)
[2025-12-19 11:26:51,418] INFO [QuorumController id=1] In the last 60000 ms period, 325 controller events were completed, which took an average of 9.39 ms each. The slowest event was writeNoOpRecord(1118969175), which took 27.25 ms. (org.apache.kafka.controller.EventPerformanceMonitor)
[2025-12-19 11:27:51,418] INFO [QuorumController id=1] In the last 60000 ms period, 324 controller events were completed, which took an average of 9.42 ms each. The slowest event was writeNoOpRecord(1112689953), which took 27.28 ms. (org.apache.kafka.controller.EventPerformanceMonitor)
[2025-12-19 11:28:51,418] INFO [QuorumController id=1] In the last 60000 ms period, 324 controller events were completed, which took an average of 9.43 ms each. The slowest event was writeNoOpRecord(1565777195), which took 28.76 ms. (org.apache.kafka.controller.EventPerformanceMonitor)
[2025-12-19 11:29:51,418] INFO [QuorumController id=1] In the last 60000 ms period, 324 controller events were completed, which took an average of 9.48 ms each. The slowest event was writeNoOpRecord(1654794005), which took 33.24 ms. (org.apache.kafka.controller.EventPerformanceMonitor)
[2025-12-19 11:30:51,375] INFO [QuorumController id=1] Periodic task electPreferred generated 0 records in 17 microseconds. (org.apache.kafka.controller.PeriodicTaskControlManager)
[2025-12-19 11:30:51,376] INFO [QuorumController id=1] Periodic task electUnclean generated 0 records in 22 microseconds. (org.apache.kafka.controller.PeriodicTaskControlManager)
[2025-12-19 11:30:51,419] INFO [QuorumController id=1] In the last 60000 ms period, 327 controller events were completed, which took an average of 9.88 ms each. The slowest event was writeNoOpRecord(1647262164), which took 31.18 ms. (org.apache.kafka.controller.EventPerformanceMonitor)
[2025-12-19 11:31:51,419] INFO [QuorumController id=1] In the last 60000 ms period, 324 controller events were completed, which took an average of 10.04 ms each. The slowest event was writeNoOpRecord(1977688197), which took 28.40 ms. (org.apache.kafka.controller.EventPerformanceMonitor)
[2025-12-19 11:32:51,419] INFO [QuorumController id=1] In the last 60000 ms period, 324 controller events were completed, which took an average of 9.46 ms each. The slowest event was writeNoOpRecord(652558935), which took 29.27 ms. (org.apache.kafka.controller.EventPerformanceMonitor)
[2025-12-19 11:33:51,419] INFO [QuorumController id=1] In the last 60000 ms period, 325 controller events were completed, which took an average of 9.42 ms each. The slowest event was writeNoOpRecord(1304814899), which took 29.28 ms. (org.apache.kafka.controller.EventPerformanceMonitor)
[2025-12-19 11:34:51,420] INFO [QuorumController id=1] In the last 60000 ms period, 324 controller events were completed, which took an average of 9.46 ms each. The slowest event was writeNoOpRecord(1917563509), which took 28.87 ms. (org.apache.kafka.controller.EventPerformanceMonitor)
[2025-12-19 11:35:51,360] INFO [QuorumController id=1] Periodic task expireDelegationTokens generated 0 records in 13 microseconds. (org.apache.kafka.controller.PeriodicTaskControlManager)
[2025-12-19 11:35:51,376] INFO [QuorumController id=1] Periodic task electPreferred generated 0 records in 11 microseconds. (org.apache.kafka.controller.PeriodicTaskControlManager)
[2025-12-19 11:35:51,376] INFO [QuorumController id=1] Periodic task electUnclean generated 0 records in 12 microseconds. (org.apache.kafka.controller.PeriodicTaskControlManager)
[2025-12-19 11:35:51,420] INFO [QuorumController id=1] In the last 60000 ms period, 327 controller events were completed, which took an average of 9.37 ms each. The slowest event was writeNoOpRecord(1821181479), which took 28.25 ms. (org.apache.kafka.controller.EventPerformanceMonitor)
[2025-12-19 11:36:51,420] INFO [QuorumController id=1] In the last 60000 ms period, 325 controller events were completed, which took an average of 9.43 ms each. The slowest event was writeNoOpRecord(1532848264), which took 28.23 ms. (org.apache.kafka.controller.EventPerformanceMonitor)
[2025-12-19 11:37:51,421] INFO [QuorumController id=1] In the last 60000 ms period, 324 controller events were completed, which took an average of 9.76 ms each. The slowest event was writeNoOpRecord(1126672952), which took 29.49 ms. (org.apache.kafka.controller.EventPerformanceMonitor)
[2025-12-19 11:38:51,421] INFO [QuorumController id=1] In the last 60000 ms period, 324 controller events were completed, which took an average of 10.13 ms each. The slowest event was writeNoOpRecord(1370902016), which took 27.93 ms. (org.apache.kafka.controller.EventPerformanceMonitor)
[2025-12-19 11:39:51,421] INFO [QuorumController id=1] In the last 60000 ms period, 325 controller events were completed, which took an average of 9.42 ms each. The slowest event was writeNoOpRecord(220305707), which took 29.30 ms. (org.apache.kafka.controller.EventPerformanceMonitor)
[2025-12-19 11:40:51,376] INFO [QuorumController id=1] Periodic task electPreferred generated 0 records in 17 microseconds. (org.apache.kafka.controller.PeriodicTaskControlManager)
[2025-12-19 11:40:51,376] INFO [QuorumController id=1] Periodic task electUnclean generated 0 records in 11 microseconds. (org.apache.kafka.controller.PeriodicTaskControlManager)
[2025-12-19 11:40:51,421] INFO [QuorumController id=1] In the last 60000 ms period, 326 controller events were completed, which took an average of 9.35 ms each. The slowest event was writeNoOpRecord(373194339), which took 27.80 ms. (org.apache.kafka.controller.EventPerformanceMonitor)
[2025-12-19 11:41:04,430] INFO [QuorumController id=1] Unfenced broker 1 has requested and been granted a controlled shutdown. (org.apache.kafka.controller.BrokerHeartbeatManager)
[2025-12-19 11:41:04,445] INFO [QuorumController id=1] enterControlledShutdown[1]: changing 51 partition(s) (org.apache.kafka.controller.ReplicationControlManager)
[2025-12-19 11:41:04,446] INFO [QuorumController id=1] Replayed BrokerRegistrationChangeRecord modifying the registration for broker 1: BrokerRegistrationChangeRecord(brokerId=1, brokerEpoch=12, fenced=0, inControlledShutdown=1, logDirs=[]) (org.apache.kafka.controller.ClusterControlManager)
[2025-12-19 11:41:04,526] INFO [QuorumController id=1] The request from broker 1 to shut down has been granted since the lowest active offset 9223372036854775807 is now greater than the broker's controlled shutdown offset 15140. (org.apache.kafka.controller.BrokerHeartbeatManager)
[2025-12-19 11:41:04,526] INFO [QuorumController id=1] Replayed BrokerRegistrationChangeRecord modifying the registration for broker 1: BrokerRegistrationChangeRecord(brokerId=1, brokerEpoch=12, fenced=1, inControlledShutdown=0, logDirs=[]) (org.apache.kafka.controller.ClusterControlManager)
[2025-12-19 11:41:04,970] INFO [QuorumController id=1] writeNoOpRecord: event unable to start processing because of RejectedExecutionException (treated as TimeoutException). Exception message: The event queue is shutting down (org.apache.kafka.controller.QuorumController)
[2025-12-19 11:41:04,970] INFO [QuorumController id=1] maybeFenceStaleBroker: event unable to start processing because of RejectedExecutionException (treated as TimeoutException). Exception message: The event queue is shutting down (org.apache.kafka.controller.QuorumController)
[2025-12-19 11:41:04,970] INFO [QuorumController id=1] generatePeriodicPerformanceMessage: event unable to start processing because of RejectedExecutionException (treated as TimeoutException). Exception message: The event queue is shutting down (org.apache.kafka.controller.QuorumController)
[2025-12-19 11:41:04,970] INFO [QuorumController id=1] electPreferred: event unable to start processing because of RejectedExecutionException (treated as TimeoutException). Exception message: The event queue is shutting down (org.apache.kafka.controller.QuorumController)
[2025-12-19 11:41:04,970] INFO [QuorumController id=1] electUnclean: event unable to start processing because of RejectedExecutionException (treated as TimeoutException). Exception message: The event queue is shutting down (org.apache.kafka.controller.QuorumController)
[2025-12-19 11:41:04,971] INFO [QuorumController id=1] expireDelegationTokens: event unable to start processing because of RejectedExecutionException (treated as TimeoutException). Exception message: The event queue is shutting down (org.apache.kafka.controller.QuorumController)
