{"timestamp":"2025-11-21T09:22:31.774806Z","level":"info","event":"Filling up the DagBag from /workspaces/Airflow_learning/airflow/dags/demo_api_scrape_merge/dag.py","logger":"airflow.models.dagbag.DagBag","filename":"dagbag.py","lineno":593}
{"timestamp":"2025-11-21T09:23:02.675579Z","level":"info","event":"Filling up the DagBag from /workspaces/Airflow_learning/airflow/dags/demo_api_scrape_merge/dag.py","logger":"airflow.models.dagbag.DagBag","filename":"dagbag.py","lineno":593}
{"timestamp":"2025-11-21T09:23:33.391870Z","level":"info","event":"Filling up the DagBag from /workspaces/Airflow_learning/airflow/dags/demo_api_scrape_merge/dag.py","logger":"airflow.models.dagbag.DagBag","filename":"dagbag.py","lineno":593}
{"timestamp":"2025-11-21T09:24:04.365875Z","level":"info","event":"Filling up the DagBag from /workspaces/Airflow_learning/airflow/dags/demo_api_scrape_merge/dag.py","logger":"airflow.models.dagbag.DagBag","filename":"dagbag.py","lineno":593}
{"timestamp":"2025-11-21T09:24:35.379391Z","level":"info","event":"Filling up the DagBag from /workspaces/Airflow_learning/airflow/dags/demo_api_scrape_merge/dag.py","logger":"airflow.models.dagbag.DagBag","filename":"dagbag.py","lineno":593}
{"timestamp":"2025-11-21T09:25:06.628107Z","level":"info","event":"Filling up the DagBag from /workspaces/Airflow_learning/airflow/dags/demo_api_scrape_merge/dag.py","logger":"airflow.models.dagbag.DagBag","filename":"dagbag.py","lineno":593}
{"timestamp":"2025-11-21T09:25:37.078566Z","level":"info","event":"Filling up the DagBag from /workspaces/Airflow_learning/airflow/dags/demo_api_scrape_merge/dag.py","logger":"airflow.models.dagbag.DagBag","filename":"dagbag.py","lineno":593}
{"timestamp":"2025-11-21T09:26:08.028845Z","level":"info","event":"Filling up the DagBag from /workspaces/Airflow_learning/airflow/dags/demo_api_scrape_merge/dag.py","logger":"airflow.models.dagbag.DagBag","filename":"dagbag.py","lineno":593}
{"timestamp":"2025-11-21T09:26:38.796935Z","level":"info","event":"Filling up the DagBag from /workspaces/Airflow_learning/airflow/dags/demo_api_scrape_merge/dag.py","logger":"airflow.models.dagbag.DagBag","filename":"dagbag.py","lineno":593}
{"timestamp":"2025-11-21T09:27:09.573529Z","level":"info","event":"Filling up the DagBag from /workspaces/Airflow_learning/airflow/dags/demo_api_scrape_merge/dag.py","logger":"airflow.models.dagbag.DagBag","filename":"dagbag.py","lineno":593}
{"timestamp":"2025-11-21T09:27:40.346332Z","level":"info","event":"Filling up the DagBag from /workspaces/Airflow_learning/airflow/dags/demo_api_scrape_merge/dag.py","logger":"airflow.models.dagbag.DagBag","filename":"dagbag.py","lineno":593}
{"timestamp":"2025-11-21T09:28:11.292417Z","level":"info","event":"Filling up the DagBag from /workspaces/Airflow_learning/airflow/dags/demo_api_scrape_merge/dag.py","logger":"airflow.models.dagbag.DagBag","filename":"dagbag.py","lineno":593}
{"timestamp":"2025-11-21T09:28:42.292437Z","level":"info","event":"Filling up the DagBag from /workspaces/Airflow_learning/airflow/dags/demo_api_scrape_merge/dag.py","logger":"airflow.models.dagbag.DagBag","filename":"dagbag.py","lineno":593}
{"timestamp":"2025-11-21T09:29:13.002906Z","level":"info","event":"Filling up the DagBag from /workspaces/Airflow_learning/airflow/dags/demo_api_scrape_merge/dag.py","logger":"airflow.models.dagbag.DagBag","filename":"dagbag.py","lineno":593}
{"timestamp":"2025-11-21T09:29:43.300662Z","level":"info","event":"Filling up the DagBag from /workspaces/Airflow_learning/airflow/dags/demo_api_scrape_merge/dag.py","logger":"airflow.models.dagbag.DagBag","filename":"dagbag.py","lineno":593}
{"timestamp":"2025-11-21T09:30:13.869596Z","level":"info","event":"Filling up the DagBag from /workspaces/Airflow_learning/airflow/dags/demo_api_scrape_merge/dag.py","logger":"airflow.models.dagbag.DagBag","filename":"dagbag.py","lineno":593}
{"timestamp":"2025-11-21T09:30:44.726512Z","level":"info","event":"Filling up the DagBag from /workspaces/Airflow_learning/airflow/dags/demo_api_scrape_merge/dag.py","logger":"airflow.models.dagbag.DagBag","filename":"dagbag.py","lineno":593}
{"timestamp":"2025-11-21T09:31:15.684811Z","level":"info","event":"Filling up the DagBag from /workspaces/Airflow_learning/airflow/dags/demo_api_scrape_merge/dag.py","logger":"airflow.models.dagbag.DagBag","filename":"dagbag.py","lineno":593}
{"timestamp":"2025-11-21T09:31:46.581861Z","level":"info","event":"Filling up the DagBag from /workspaces/Airflow_learning/airflow/dags/demo_api_scrape_merge/dag.py","logger":"airflow.models.dagbag.DagBag","filename":"dagbag.py","lineno":593}
{"timestamp":"2025-11-21T09:32:17.204205Z","level":"info","event":"Filling up the DagBag from /workspaces/Airflow_learning/airflow/dags/demo_api_scrape_merge/dag.py","logger":"airflow.models.dagbag.DagBag","filename":"dagbag.py","lineno":593}
{"timestamp":"2025-11-21T09:32:48.124246Z","level":"info","event":"Filling up the DagBag from /workspaces/Airflow_learning/airflow/dags/demo_api_scrape_merge/dag.py","logger":"airflow.models.dagbag.DagBag","filename":"dagbag.py","lineno":593}
{"timestamp":"2025-11-21T09:33:19.025628Z","level":"info","event":"Filling up the DagBag from /workspaces/Airflow_learning/airflow/dags/demo_api_scrape_merge/dag.py","logger":"airflow.models.dagbag.DagBag","filename":"dagbag.py","lineno":593}
{"timestamp":"2025-11-21T09:33:49.938823Z","level":"info","event":"Filling up the DagBag from /workspaces/Airflow_learning/airflow/dags/demo_api_scrape_merge/dag.py","logger":"airflow.models.dagbag.DagBag","filename":"dagbag.py","lineno":593}
{"timestamp":"2025-11-21T09:34:21.116171Z","level":"info","event":"Filling up the DagBag from /workspaces/Airflow_learning/airflow/dags/demo_api_scrape_merge/dag.py","logger":"airflow.models.dagbag.DagBag","filename":"dagbag.py","lineno":593}
{"timestamp":"2025-11-21T09:34:51.851206Z","level":"info","event":"Filling up the DagBag from /workspaces/Airflow_learning/airflow/dags/demo_api_scrape_merge/dag.py","logger":"airflow.models.dagbag.DagBag","filename":"dagbag.py","lineno":593}
{"timestamp":"2025-11-21T09:35:22.558338Z","level":"info","event":"Filling up the DagBag from /workspaces/Airflow_learning/airflow/dags/demo_api_scrape_merge/dag.py","logger":"airflow.models.dagbag.DagBag","filename":"dagbag.py","lineno":593}
{"timestamp":"2025-11-21T09:35:53.388805Z","level":"info","event":"Filling up the DagBag from /workspaces/Airflow_learning/airflow/dags/demo_api_scrape_merge/dag.py","logger":"airflow.models.dagbag.DagBag","filename":"dagbag.py","lineno":593}
{"timestamp":"2025-11-21T09:36:24.204467Z","level":"info","event":"Filling up the DagBag from /workspaces/Airflow_learning/airflow/dags/demo_api_scrape_merge/dag.py","logger":"airflow.models.dagbag.DagBag","filename":"dagbag.py","lineno":593}
{"timestamp":"2025-11-21T09:36:54.814422Z","level":"info","event":"Filling up the DagBag from /workspaces/Airflow_learning/airflow/dags/demo_api_scrape_merge/dag.py","logger":"airflow.models.dagbag.DagBag","filename":"dagbag.py","lineno":593}
{"timestamp":"2025-11-21T09:37:25.429662Z","level":"info","event":"Filling up the DagBag from /workspaces/Airflow_learning/airflow/dags/demo_api_scrape_merge/dag.py","logger":"airflow.models.dagbag.DagBag","filename":"dagbag.py","lineno":593}
{"timestamp":"2025-11-21T09:37:56.121085Z","level":"info","event":"Filling up the DagBag from /workspaces/Airflow_learning/airflow/dags/demo_api_scrape_merge/dag.py","logger":"airflow.models.dagbag.DagBag","filename":"dagbag.py","lineno":593}
{"timestamp":"2025-11-21T09:38:26.871828Z","level":"info","event":"Filling up the DagBag from /workspaces/Airflow_learning/airflow/dags/demo_api_scrape_merge/dag.py","logger":"airflow.models.dagbag.DagBag","filename":"dagbag.py","lineno":593}
{"timestamp":"2025-11-21T09:38:57.566956Z","level":"info","event":"Filling up the DagBag from /workspaces/Airflow_learning/airflow/dags/demo_api_scrape_merge/dag.py","logger":"airflow.models.dagbag.DagBag","filename":"dagbag.py","lineno":593}
{"timestamp":"2025-11-21T09:39:28.533817Z","level":"info","event":"Filling up the DagBag from /workspaces/Airflow_learning/airflow/dags/demo_api_scrape_merge/dag.py","logger":"airflow.models.dagbag.DagBag","filename":"dagbag.py","lineno":593}
{"timestamp":"2025-11-21T09:39:59.355155Z","level":"info","event":"Filling up the DagBag from /workspaces/Airflow_learning/airflow/dags/demo_api_scrape_merge/dag.py","logger":"airflow.models.dagbag.DagBag","filename":"dagbag.py","lineno":593}
{"timestamp":"2025-11-21T09:40:30.042604Z","level":"info","event":"Filling up the DagBag from /workspaces/Airflow_learning/airflow/dags/demo_api_scrape_merge/dag.py","logger":"airflow.models.dagbag.DagBag","filename":"dagbag.py","lineno":593}
{"timestamp":"2025-11-21T09:41:01.046991Z","level":"info","event":"Filling up the DagBag from /workspaces/Airflow_learning/airflow/dags/demo_api_scrape_merge/dag.py","logger":"airflow.models.dagbag.DagBag","filename":"dagbag.py","lineno":593}
{"timestamp":"2025-11-21T09:41:31.804828Z","level":"info","event":"Filling up the DagBag from /workspaces/Airflow_learning/airflow/dags/demo_api_scrape_merge/dag.py","logger":"airflow.models.dagbag.DagBag","filename":"dagbag.py","lineno":593}
{"timestamp":"2025-11-21T09:42:02.505829Z","level":"info","event":"Filling up the DagBag from /workspaces/Airflow_learning/airflow/dags/demo_api_scrape_merge/dag.py","logger":"airflow.models.dagbag.DagBag","filename":"dagbag.py","lineno":593}
{"timestamp":"2025-11-21T09:42:33.351372Z","level":"info","event":"Filling up the DagBag from /workspaces/Airflow_learning/airflow/dags/demo_api_scrape_merge/dag.py","logger":"airflow.models.dagbag.DagBag","filename":"dagbag.py","lineno":593}
{"timestamp":"2025-11-21T09:43:04.155339Z","level":"info","event":"Filling up the DagBag from /workspaces/Airflow_learning/airflow/dags/demo_api_scrape_merge/dag.py","logger":"airflow.models.dagbag.DagBag","filename":"dagbag.py","lineno":593}
{"timestamp":"2025-11-21T09:43:35.239298Z","level":"info","event":"Filling up the DagBag from /workspaces/Airflow_learning/airflow/dags/demo_api_scrape_merge/dag.py","logger":"airflow.models.dagbag.DagBag","filename":"dagbag.py","lineno":593}
{"timestamp":"2025-11-21T09:44:06.527027Z","level":"info","event":"Filling up the DagBag from /workspaces/Airflow_learning/airflow/dags/demo_api_scrape_merge/dag.py","logger":"airflow.models.dagbag.DagBag","filename":"dagbag.py","lineno":593}
{"timestamp":"2025-11-21T09:44:37.317683Z","level":"info","event":"Filling up the DagBag from /workspaces/Airflow_learning/airflow/dags/demo_api_scrape_merge/dag.py","logger":"airflow.models.dagbag.DagBag","filename":"dagbag.py","lineno":593}
{"timestamp":"2025-11-21T09:45:07.905250Z","level":"info","event":"Filling up the DagBag from /workspaces/Airflow_learning/airflow/dags/demo_api_scrape_merge/dag.py","logger":"airflow.models.dagbag.DagBag","filename":"dagbag.py","lineno":593}
{"timestamp":"2025-11-21T09:45:38.636307Z","level":"info","event":"Filling up the DagBag from /workspaces/Airflow_learning/airflow/dags/demo_api_scrape_merge/dag.py","logger":"airflow.models.dagbag.DagBag","filename":"dagbag.py","lineno":593}
{"timestamp":"2025-11-21T09:46:09.812819Z","level":"info","event":"Filling up the DagBag from /workspaces/Airflow_learning/airflow/dags/demo_api_scrape_merge/dag.py","logger":"airflow.models.dagbag.DagBag","filename":"dagbag.py","lineno":593}
{"timestamp":"2025-11-21T09:46:40.788753Z","level":"info","event":"Filling up the DagBag from /workspaces/Airflow_learning/airflow/dags/demo_api_scrape_merge/dag.py","logger":"airflow.models.dagbag.DagBag","filename":"dagbag.py","lineno":593}
{"timestamp":"2025-11-21T09:47:11.459426Z","level":"info","event":"Filling up the DagBag from /workspaces/Airflow_learning/airflow/dags/demo_api_scrape_merge/dag.py","logger":"airflow.models.dagbag.DagBag","filename":"dagbag.py","lineno":593}
{"timestamp":"2025-11-21T09:47:41.847876Z","level":"info","event":"Filling up the DagBag from /workspaces/Airflow_learning/airflow/dags/demo_api_scrape_merge/dag.py","logger":"airflow.models.dagbag.DagBag","filename":"dagbag.py","lineno":593}
{"timestamp":"2025-11-21T09:48:12.190088Z","level":"info","event":"Filling up the DagBag from /workspaces/Airflow_learning/airflow/dags/demo_api_scrape_merge/dag.py","logger":"airflow.models.dagbag.DagBag","filename":"dagbag.py","lineno":593}
{"timestamp":"2025-11-21T09:48:42.643003Z","level":"info","event":"Filling up the DagBag from /workspaces/Airflow_learning/airflow/dags/demo_api_scrape_merge/dag.py","logger":"airflow.models.dagbag.DagBag","filename":"dagbag.py","lineno":593}
{"timestamp":"2025-11-21T09:49:13.143359Z","level":"info","event":"Filling up the DagBag from /workspaces/Airflow_learning/airflow/dags/demo_api_scrape_merge/dag.py","logger":"airflow.models.dagbag.DagBag","filename":"dagbag.py","lineno":593}
{"timestamp":"2025-11-21T09:49:43.598369Z","level":"info","event":"Filling up the DagBag from /workspaces/Airflow_learning/airflow/dags/demo_api_scrape_merge/dag.py","logger":"airflow.models.dagbag.DagBag","filename":"dagbag.py","lineno":593}
{"timestamp":"2025-11-21T09:50:13.975205Z","level":"info","event":"Filling up the DagBag from /workspaces/Airflow_learning/airflow/dags/demo_api_scrape_merge/dag.py","logger":"airflow.models.dagbag.DagBag","filename":"dagbag.py","lineno":593}
{"timestamp":"2025-11-21T09:50:44.349669Z","level":"info","event":"Filling up the DagBag from /workspaces/Airflow_learning/airflow/dags/demo_api_scrape_merge/dag.py","logger":"airflow.models.dagbag.DagBag","filename":"dagbag.py","lineno":593}
{"timestamp":"2025-11-21T09:51:14.663780Z","level":"info","event":"Filling up the DagBag from /workspaces/Airflow_learning/airflow/dags/demo_api_scrape_merge/dag.py","logger":"airflow.models.dagbag.DagBag","filename":"dagbag.py","lineno":593}
{"timestamp":"2025-11-21T09:51:44.991648Z","level":"info","event":"Filling up the DagBag from /workspaces/Airflow_learning/airflow/dags/demo_api_scrape_merge/dag.py","logger":"airflow.models.dagbag.DagBag","filename":"dagbag.py","lineno":593}
{"timestamp":"2025-11-21T09:52:15.523222Z","level":"info","event":"Filling up the DagBag from /workspaces/Airflow_learning/airflow/dags/demo_api_scrape_merge/dag.py","logger":"airflow.models.dagbag.DagBag","filename":"dagbag.py","lineno":593}
{"timestamp":"2025-11-21T09:52:46.150478Z","level":"info","event":"Filling up the DagBag from /workspaces/Airflow_learning/airflow/dags/demo_api_scrape_merge/dag.py","logger":"airflow.models.dagbag.DagBag","filename":"dagbag.py","lineno":593}
{"timestamp":"2025-11-21T09:53:17.248177Z","level":"info","event":"Filling up the DagBag from /workspaces/Airflow_learning/airflow/dags/demo_api_scrape_merge/dag.py","logger":"airflow.models.dagbag.DagBag","filename":"dagbag.py","lineno":593}
{"timestamp":"2025-11-21T09:53:47.622529Z","level":"info","event":"Filling up the DagBag from /workspaces/Airflow_learning/airflow/dags/demo_api_scrape_merge/dag.py","logger":"airflow.models.dagbag.DagBag","filename":"dagbag.py","lineno":593}
{"timestamp":"2025-11-21T09:54:17.964869Z","level":"info","event":"Filling up the DagBag from /workspaces/Airflow_learning/airflow/dags/demo_api_scrape_merge/dag.py","logger":"airflow.models.dagbag.DagBag","filename":"dagbag.py","lineno":593}
{"timestamp":"2025-11-21T09:54:48.327924Z","level":"info","event":"Filling up the DagBag from /workspaces/Airflow_learning/airflow/dags/demo_api_scrape_merge/dag.py","logger":"airflow.models.dagbag.DagBag","filename":"dagbag.py","lineno":593}
{"timestamp":"2025-11-21T09:55:18.760926Z","level":"info","event":"Filling up the DagBag from /workspaces/Airflow_learning/airflow/dags/demo_api_scrape_merge/dag.py","logger":"airflow.models.dagbag.DagBag","filename":"dagbag.py","lineno":593}
{"timestamp":"2025-11-21T09:55:49.047164Z","level":"info","event":"Filling up the DagBag from /workspaces/Airflow_learning/airflow/dags/demo_api_scrape_merge/dag.py","logger":"airflow.models.dagbag.DagBag","filename":"dagbag.py","lineno":593}
{"timestamp":"2025-11-21T09:56:19.467150Z","level":"info","event":"Filling up the DagBag from /workspaces/Airflow_learning/airflow/dags/demo_api_scrape_merge/dag.py","logger":"airflow.models.dagbag.DagBag","filename":"dagbag.py","lineno":593}
{"timestamp":"2025-11-21T09:56:49.967057Z","level":"info","event":"Filling up the DagBag from /workspaces/Airflow_learning/airflow/dags/demo_api_scrape_merge/dag.py","logger":"airflow.models.dagbag.DagBag","filename":"dagbag.py","lineno":593}
{"timestamp":"2025-11-21T09:57:20.321815Z","level":"info","event":"Filling up the DagBag from /workspaces/Airflow_learning/airflow/dags/demo_api_scrape_merge/dag.py","logger":"airflow.models.dagbag.DagBag","filename":"dagbag.py","lineno":593}
{"timestamp":"2025-11-21T09:57:50.768522Z","level":"info","event":"Filling up the DagBag from /workspaces/Airflow_learning/airflow/dags/demo_api_scrape_merge/dag.py","logger":"airflow.models.dagbag.DagBag","filename":"dagbag.py","lineno":593}
{"timestamp":"2025-11-21T09:58:21.317643Z","level":"info","event":"Filling up the DagBag from /workspaces/Airflow_learning/airflow/dags/demo_api_scrape_merge/dag.py","logger":"airflow.models.dagbag.DagBag","filename":"dagbag.py","lineno":593}
{"timestamp":"2025-11-21T09:58:51.793854Z","level":"info","event":"Filling up the DagBag from /workspaces/Airflow_learning/airflow/dags/demo_api_scrape_merge/dag.py","logger":"airflow.models.dagbag.DagBag","filename":"dagbag.py","lineno":593}
{"timestamp":"2025-11-21T09:59:22.268324Z","level":"info","event":"Filling up the DagBag from /workspaces/Airflow_learning/airflow/dags/demo_api_scrape_merge/dag.py","logger":"airflow.models.dagbag.DagBag","filename":"dagbag.py","lineno":593}
{"timestamp":"2025-11-21T09:59:53.042504Z","level":"info","event":"Filling up the DagBag from /workspaces/Airflow_learning/airflow/dags/demo_api_scrape_merge/dag.py","logger":"airflow.models.dagbag.DagBag","filename":"dagbag.py","lineno":593}
{"timestamp":"2025-11-21T10:00:24.501589Z","level":"info","event":"Filling up the DagBag from /workspaces/Airflow_learning/airflow/dags/demo_api_scrape_merge/dag.py","logger":"airflow.models.dagbag.DagBag","filename":"dagbag.py","lineno":593}
{"timestamp":"2025-11-21T10:00:55.176212Z","level":"info","event":"Filling up the DagBag from /workspaces/Airflow_learning/airflow/dags/demo_api_scrape_merge/dag.py","logger":"airflow.models.dagbag.DagBag","filename":"dagbag.py","lineno":593}
{"timestamp":"2025-11-21T10:01:26.383811Z","level":"info","event":"Filling up the DagBag from /workspaces/Airflow_learning/airflow/dags/demo_api_scrape_merge/dag.py","logger":"airflow.models.dagbag.DagBag","filename":"dagbag.py","lineno":593}
{"timestamp":"2025-11-21T10:01:56.935238Z","level":"info","event":"Filling up the DagBag from /workspaces/Airflow_learning/airflow/dags/demo_api_scrape_merge/dag.py","logger":"airflow.models.dagbag.DagBag","filename":"dagbag.py","lineno":593}
{"timestamp":"2025-11-21T10:02:27.362951Z","level":"info","event":"Filling up the DagBag from /workspaces/Airflow_learning/airflow/dags/demo_api_scrape_merge/dag.py","logger":"airflow.models.dagbag.DagBag","filename":"dagbag.py","lineno":593}
{"timestamp":"2025-11-21T10:02:57.882505Z","level":"info","event":"Filling up the DagBag from /workspaces/Airflow_learning/airflow/dags/demo_api_scrape_merge/dag.py","logger":"airflow.models.dagbag.DagBag","filename":"dagbag.py","lineno":593}
{"timestamp":"2025-11-21T10:03:28.407334Z","level":"info","event":"Filling up the DagBag from /workspaces/Airflow_learning/airflow/dags/demo_api_scrape_merge/dag.py","logger":"airflow.models.dagbag.DagBag","filename":"dagbag.py","lineno":593}
{"timestamp":"2025-11-21T10:03:59.222147Z","level":"info","event":"Filling up the DagBag from /workspaces/Airflow_learning/airflow/dags/demo_api_scrape_merge/dag.py","logger":"airflow.models.dagbag.DagBag","filename":"dagbag.py","lineno":593}
{"timestamp":"2025-11-21T10:04:29.929352Z","level":"info","event":"Filling up the DagBag from /workspaces/Airflow_learning/airflow/dags/demo_api_scrape_merge/dag.py","logger":"airflow.models.dagbag.DagBag","filename":"dagbag.py","lineno":593}
{"timestamp":"2025-11-21T10:05:00.343651Z","level":"info","event":"Filling up the DagBag from /workspaces/Airflow_learning/airflow/dags/demo_api_scrape_merge/dag.py","logger":"airflow.models.dagbag.DagBag","filename":"dagbag.py","lineno":593}
{"timestamp":"2025-11-21T10:05:30.979091Z","level":"info","event":"Filling up the DagBag from /workspaces/Airflow_learning/airflow/dags/demo_api_scrape_merge/dag.py","logger":"airflow.models.dagbag.DagBag","filename":"dagbag.py","lineno":593}
{"timestamp":"2025-11-21T10:06:01.650192Z","level":"info","event":"Filling up the DagBag from /workspaces/Airflow_learning/airflow/dags/demo_api_scrape_merge/dag.py","logger":"airflow.models.dagbag.DagBag","filename":"dagbag.py","lineno":593}
{"timestamp":"2025-11-21T10:06:32.053215Z","level":"info","event":"Filling up the DagBag from /workspaces/Airflow_learning/airflow/dags/demo_api_scrape_merge/dag.py","logger":"airflow.models.dagbag.DagBag","filename":"dagbag.py","lineno":593}
{"timestamp":"2025-11-21T10:07:02.480985Z","level":"info","event":"Filling up the DagBag from /workspaces/Airflow_learning/airflow/dags/demo_api_scrape_merge/dag.py","logger":"airflow.models.dagbag.DagBag","filename":"dagbag.py","lineno":593}
{"timestamp":"2025-11-21T10:07:32.978090Z","level":"info","event":"Filling up the DagBag from /workspaces/Airflow_learning/airflow/dags/demo_api_scrape_merge/dag.py","logger":"airflow.models.dagbag.DagBag","filename":"dagbag.py","lineno":593}
{"timestamp":"2025-11-21T10:08:03.610376Z","level":"info","event":"Filling up the DagBag from /workspaces/Airflow_learning/airflow/dags/demo_api_scrape_merge/dag.py","logger":"airflow.models.dagbag.DagBag","filename":"dagbag.py","lineno":593}
{"timestamp":"2025-11-21T10:08:34.310977Z","level":"info","event":"Filling up the DagBag from /workspaces/Airflow_learning/airflow/dags/demo_api_scrape_merge/dag.py","logger":"airflow.models.dagbag.DagBag","filename":"dagbag.py","lineno":593}
{"timestamp":"2025-11-21T10:09:04.853057Z","level":"info","event":"Filling up the DagBag from /workspaces/Airflow_learning/airflow/dags/demo_api_scrape_merge/dag.py","logger":"airflow.models.dagbag.DagBag","filename":"dagbag.py","lineno":593}
{"timestamp":"2025-11-21T10:09:35.427863Z","level":"info","event":"Filling up the DagBag from /workspaces/Airflow_learning/airflow/dags/demo_api_scrape_merge/dag.py","logger":"airflow.models.dagbag.DagBag","filename":"dagbag.py","lineno":593}
{"timestamp":"2025-11-21T10:10:06.791007Z","level":"info","event":"Filling up the DagBag from /workspaces/Airflow_learning/airflow/dags/demo_api_scrape_merge/dag.py","logger":"airflow.models.dagbag.DagBag","filename":"dagbag.py","lineno":593}
{"timestamp":"2025-11-21T10:10:37.063580Z","level":"info","event":"Filling up the DagBag from /workspaces/Airflow_learning/airflow/dags/demo_api_scrape_merge/dag.py","logger":"airflow.models.dagbag.DagBag","filename":"dagbag.py","lineno":593}
{"timestamp":"2025-11-21T10:11:07.471821Z","level":"info","event":"Filling up the DagBag from /workspaces/Airflow_learning/airflow/dags/demo_api_scrape_merge/dag.py","logger":"airflow.models.dagbag.DagBag","filename":"dagbag.py","lineno":593}
{"timestamp":"2025-11-21T10:11:37.880382Z","level":"info","event":"Filling up the DagBag from /workspaces/Airflow_learning/airflow/dags/demo_api_scrape_merge/dag.py","logger":"airflow.models.dagbag.DagBag","filename":"dagbag.py","lineno":593}
{"timestamp":"2025-11-21T10:12:08.161516Z","level":"info","event":"Filling up the DagBag from /workspaces/Airflow_learning/airflow/dags/demo_api_scrape_merge/dag.py","logger":"airflow.models.dagbag.DagBag","filename":"dagbag.py","lineno":593}
{"timestamp":"2025-11-21T10:12:38.546417Z","level":"info","event":"Filling up the DagBag from /workspaces/Airflow_learning/airflow/dags/demo_api_scrape_merge/dag.py","logger":"airflow.models.dagbag.DagBag","filename":"dagbag.py","lineno":593}
{"timestamp":"2025-11-21T10:13:09.045587Z","level":"info","event":"Filling up the DagBag from /workspaces/Airflow_learning/airflow/dags/demo_api_scrape_merge/dag.py","logger":"airflow.models.dagbag.DagBag","filename":"dagbag.py","lineno":593}
{"timestamp":"2025-11-21T10:13:39.375233Z","level":"info","event":"Filling up the DagBag from /workspaces/Airflow_learning/airflow/dags/demo_api_scrape_merge/dag.py","logger":"airflow.models.dagbag.DagBag","filename":"dagbag.py","lineno":593}
{"timestamp":"2025-11-21T10:14:09.630294Z","level":"info","event":"Filling up the DagBag from /workspaces/Airflow_learning/airflow/dags/demo_api_scrape_merge/dag.py","logger":"airflow.models.dagbag.DagBag","filename":"dagbag.py","lineno":593}
{"timestamp":"2025-11-21T10:14:40.022478Z","level":"info","event":"Filling up the DagBag from /workspaces/Airflow_learning/airflow/dags/demo_api_scrape_merge/dag.py","logger":"airflow.models.dagbag.DagBag","filename":"dagbag.py","lineno":593}
{"timestamp":"2025-11-21T10:15:10.448767Z","level":"info","event":"Filling up the DagBag from /workspaces/Airflow_learning/airflow/dags/demo_api_scrape_merge/dag.py","logger":"airflow.models.dagbag.DagBag","filename":"dagbag.py","lineno":593}
{"timestamp":"2025-11-21T10:15:40.972627Z","level":"info","event":"Filling up the DagBag from /workspaces/Airflow_learning/airflow/dags/demo_api_scrape_merge/dag.py","logger":"airflow.models.dagbag.DagBag","filename":"dagbag.py","lineno":593}
{"timestamp":"2025-11-21T11:16:19.090409Z","level":"info","event":"Filling up the DagBag from /workspaces/Airflow_learning/airflow/dags/demo_api_scrape_merge/dag.py","logger":"airflow.models.dagbag.DagBag","filename":"dagbag.py","lineno":593}
{"timestamp":"2025-11-21T11:16:19.097515Z","level":"error","event":"Failed to import: /workspaces/Airflow_learning/airflow/dags/demo_api_scrape_merge/dag.py","logger":"airflow.models.dagbag.DagBag","filename":"dagbag.py","lineno":415,"error_detail":[{"exc_type":"ModuleNotFoundError","exc_value":"No module named 'pipeline'","exc_notes":[],"syntax_error":null,"is_cause":false,"frames":[{"filename":"/workspaces/Airflow_learning/.venv/lib/python3.12/site-packages/airflow/models/dagbag.py","lineno":405,"name":"parse"},{"filename":"<frozen importlib._bootstrap_external>","lineno":994,"name":"exec_module"},{"filename":"<frozen importlib._bootstrap>","lineno":488,"name":"_call_with_frames_removed"},{"filename":"/workspaces/Airflow_learning/airflow/dags/demo_api_scrape_merge/dag.py","lineno":6,"name":"<module>"}],"is_group":false,"exceptions":[]}]}
{"timestamp":"2025-11-21T11:16:49.704948Z","level":"info","event":"Filling up the DagBag from /workspaces/Airflow_learning/airflow/dags/demo_api_scrape_merge/dag.py","logger":"airflow.models.dagbag.DagBag","filename":"dagbag.py","lineno":593}
{"timestamp":"2025-11-21T11:16:49.707054Z","level":"error","event":"Failed to import: /workspaces/Airflow_learning/airflow/dags/demo_api_scrape_merge/dag.py","logger":"airflow.models.dagbag.DagBag","filename":"dagbag.py","lineno":415,"error_detail":[{"exc_type":"ModuleNotFoundError","exc_value":"No module named 'pipeline'","exc_notes":[],"syntax_error":null,"is_cause":false,"frames":[{"filename":"/workspaces/Airflow_learning/.venv/lib/python3.12/site-packages/airflow/models/dagbag.py","lineno":405,"name":"parse"},{"filename":"<frozen importlib._bootstrap_external>","lineno":994,"name":"exec_module"},{"filename":"<frozen importlib._bootstrap>","lineno":488,"name":"_call_with_frames_removed"},{"filename":"/workspaces/Airflow_learning/airflow/dags/demo_api_scrape_merge/dag.py","lineno":6,"name":"<module>"}],"is_group":false,"exceptions":[]}]}
{"timestamp":"2025-11-21T11:17:20.410044Z","level":"info","event":"Filling up the DagBag from /workspaces/Airflow_learning/airflow/dags/demo_api_scrape_merge/dag.py","logger":"airflow.models.dagbag.DagBag","filename":"dagbag.py","lineno":593}
{"timestamp":"2025-11-21T11:17:20.414962Z","level":"error","event":"Failed to import: /workspaces/Airflow_learning/airflow/dags/demo_api_scrape_merge/dag.py","logger":"airflow.models.dagbag.DagBag","filename":"dagbag.py","lineno":415,"error_detail":[{"exc_type":"ModuleNotFoundError","exc_value":"No module named 'pipeline'","exc_notes":[],"syntax_error":null,"is_cause":false,"frames":[{"filename":"/workspaces/Airflow_learning/.venv/lib/python3.12/site-packages/airflow/models/dagbag.py","lineno":405,"name":"parse"},{"filename":"<frozen importlib._bootstrap_external>","lineno":994,"name":"exec_module"},{"filename":"<frozen importlib._bootstrap>","lineno":488,"name":"_call_with_frames_removed"},{"filename":"/workspaces/Airflow_learning/airflow/dags/demo_api_scrape_merge/dag.py","lineno":6,"name":"<module>"}],"is_group":false,"exceptions":[]}]}
{"timestamp":"2025-11-21T11:17:51.202878Z","level":"info","event":"Filling up the DagBag from /workspaces/Airflow_learning/airflow/dags/demo_api_scrape_merge/dag.py","logger":"airflow.models.dagbag.DagBag","filename":"dagbag.py","lineno":593}
{"timestamp":"2025-11-21T11:17:51.207844Z","level":"error","event":"Failed to import: /workspaces/Airflow_learning/airflow/dags/demo_api_scrape_merge/dag.py","logger":"airflow.models.dagbag.DagBag","filename":"dagbag.py","lineno":415,"error_detail":[{"exc_type":"ModuleNotFoundError","exc_value":"No module named 'pipeline'","exc_notes":[],"syntax_error":null,"is_cause":false,"frames":[{"filename":"/workspaces/Airflow_learning/.venv/lib/python3.12/site-packages/airflow/models/dagbag.py","lineno":405,"name":"parse"},{"filename":"<frozen importlib._bootstrap_external>","lineno":994,"name":"exec_module"},{"filename":"<frozen importlib._bootstrap>","lineno":488,"name":"_call_with_frames_removed"},{"filename":"/workspaces/Airflow_learning/airflow/dags/demo_api_scrape_merge/dag.py","lineno":6,"name":"<module>"}],"is_group":false,"exceptions":[]}]}
{"timestamp":"2025-11-21T11:18:22.016365Z","level":"info","event":"Filling up the DagBag from /workspaces/Airflow_learning/airflow/dags/demo_api_scrape_merge/dag.py","logger":"airflow.models.dagbag.DagBag","filename":"dagbag.py","lineno":593}
{"timestamp":"2025-11-21T11:18:22.018456Z","level":"error","event":"Failed to import: /workspaces/Airflow_learning/airflow/dags/demo_api_scrape_merge/dag.py","logger":"airflow.models.dagbag.DagBag","filename":"dagbag.py","lineno":415,"error_detail":[{"exc_type":"ModuleNotFoundError","exc_value":"No module named 'pipeline'","exc_notes":[],"syntax_error":null,"is_cause":false,"frames":[{"filename":"/workspaces/Airflow_learning/.venv/lib/python3.12/site-packages/airflow/models/dagbag.py","lineno":405,"name":"parse"},{"filename":"<frozen importlib._bootstrap_external>","lineno":994,"name":"exec_module"},{"filename":"<frozen importlib._bootstrap>","lineno":488,"name":"_call_with_frames_removed"},{"filename":"/workspaces/Airflow_learning/airflow/dags/demo_api_scrape_merge/dag.py","lineno":6,"name":"<module>"}],"is_group":false,"exceptions":[]}]}
{"timestamp":"2025-11-21T11:18:45.794529Z","level":"info","event":"Filling up the DagBag from /workspaces/Airflow_learning/airflow/dags/demo_api_scrape_merge/dag.py","logger":"airflow.models.dagbag.DagBag","filename":"dagbag.py","lineno":593}
{"timestamp":"2025-11-21T11:18:45.797063Z","level":"error","event":"Failed to import: /workspaces/Airflow_learning/airflow/dags/demo_api_scrape_merge/dag.py","logger":"airflow.models.dagbag.DagBag","filename":"dagbag.py","lineno":415,"error_detail":[{"exc_type":"NameError","exc_value":"name 'Path' is not defined","exc_notes":[],"syntax_error":null,"is_cause":false,"frames":[{"filename":"/workspaces/Airflow_learning/.venv/lib/python3.12/site-packages/airflow/models/dagbag.py","lineno":405,"name":"parse"},{"filename":"<frozen importlib._bootstrap_external>","lineno":994,"name":"exec_module"},{"filename":"<frozen importlib._bootstrap>","lineno":488,"name":"_call_with_frames_removed"},{"filename":"/workspaces/Airflow_learning/airflow/dags/demo_api_scrape_merge/dag.py","lineno":7,"name":"<module>"}],"is_group":false,"exceptions":[]}]}
{"timestamp":"2025-11-21T11:19:01.920460Z","level":"info","event":"Filling up the DagBag from /workspaces/Airflow_learning/airflow/dags/demo_api_scrape_merge/dag.py","logger":"airflow.models.dagbag.DagBag","filename":"dagbag.py","lineno":593}
{"timestamp":"2025-11-21T11:19:01.924439Z","level":"error","event":"Failed to import: /workspaces/Airflow_learning/airflow/dags/demo_api_scrape_merge/dag.py","logger":"airflow.models.dagbag.DagBag","filename":"dagbag.py","lineno":415,"error_detail":[{"exc_type":"NameError","exc_value":"name 'Path' is not defined","exc_notes":[],"syntax_error":null,"is_cause":false,"frames":[{"filename":"/workspaces/Airflow_learning/.venv/lib/python3.12/site-packages/airflow/models/dagbag.py","lineno":405,"name":"parse"},{"filename":"<frozen importlib._bootstrap_external>","lineno":994,"name":"exec_module"},{"filename":"<frozen importlib._bootstrap>","lineno":488,"name":"_call_with_frames_removed"},{"filename":"/workspaces/Airflow_learning/airflow/dags/demo_api_scrape_merge/dag.py","lineno":7,"name":"<module>"}],"is_group":false,"exceptions":[]}]}
{"timestamp":"2025-11-21T11:19:32.768906Z","level":"info","event":"Filling up the DagBag from /workspaces/Airflow_learning/airflow/dags/demo_api_scrape_merge/dag.py","logger":"airflow.models.dagbag.DagBag","filename":"dagbag.py","lineno":593}
{"timestamp":"2025-11-21T11:19:32.865463Z","level":"error","event":"Failed to import: /workspaces/Airflow_learning/airflow/dags/demo_api_scrape_merge/dag.py","logger":"airflow.models.dagbag.DagBag","filename":"dagbag.py","lineno":415,"error_detail":[{"exc_type":"TypeError","exc_value":"DAG.__init__() got an unexpected keyword argument 'schedule_interval'","exc_notes":[],"syntax_error":null,"is_cause":false,"frames":[{"filename":"/workspaces/Airflow_learning/.venv/lib/python3.12/site-packages/airflow/models/dagbag.py","lineno":405,"name":"parse"},{"filename":"<frozen importlib._bootstrap_external>","lineno":994,"name":"exec_module"},{"filename":"<frozen importlib._bootstrap>","lineno":488,"name":"_call_with_frames_removed"},{"filename":"/workspaces/Airflow_learning/airflow/dags/demo_api_scrape_merge/dag.py","lineno":23,"name":"<module>"}],"is_group":false,"exceptions":[]}]}
{"timestamp":"2025-11-21T11:19:48.824878Z","level":"info","event":"Filling up the DagBag from /workspaces/Airflow_learning/airflow/dags/demo_api_scrape_merge/dag.py","logger":"airflow.models.dagbag.DagBag","filename":"dagbag.py","lineno":593}
{"timestamp":"2025-11-21T11:19:49.293500Z","level":"error","event":"Failed to import: /workspaces/Airflow_learning/airflow/dags/demo_api_scrape_merge/dag.py","logger":"airflow.models.dagbag.DagBag","filename":"dagbag.py","lineno":415,"error_detail":[{"exc_type":"TypeError","exc_value":"DAG.__init__() got an unexpected keyword argument 'schedule_interval'","exc_notes":[],"syntax_error":null,"is_cause":false,"frames":[{"filename":"/workspaces/Airflow_learning/.venv/lib/python3.12/site-packages/airflow/models/dagbag.py","lineno":405,"name":"parse"},{"filename":"<frozen importlib._bootstrap_external>","lineno":994,"name":"exec_module"},{"filename":"<frozen importlib._bootstrap>","lineno":488,"name":"_call_with_frames_removed"},{"filename":"/workspaces/Airflow_learning/airflow/dags/demo_api_scrape_merge/dag.py","lineno":23,"name":"<module>"}],"is_group":false,"exceptions":[]}]}
{"timestamp":"2025-11-21T11:20:19.380026Z","level":"info","event":"Filling up the DagBag from /workspaces/Airflow_learning/airflow/dags/demo_api_scrape_merge/dag.py","logger":"airflow.models.dagbag.DagBag","filename":"dagbag.py","lineno":593}
{"timestamp":"2025-11-21T11:20:19.459439Z","level":"error","event":"Failed to import: /workspaces/Airflow_learning/airflow/dags/demo_api_scrape_merge/dag.py","logger":"airflow.models.dagbag.DagBag","filename":"dagbag.py","lineno":415,"error_detail":[{"exc_type":"TypeError","exc_value":"DAG.__init__() got an unexpected keyword argument 'schedule_interval'","exc_notes":[],"syntax_error":null,"is_cause":false,"frames":[{"filename":"/workspaces/Airflow_learning/.venv/lib/python3.12/site-packages/airflow/models/dagbag.py","lineno":405,"name":"parse"},{"filename":"<frozen importlib._bootstrap_external>","lineno":994,"name":"exec_module"},{"filename":"<frozen importlib._bootstrap>","lineno":488,"name":"_call_with_frames_removed"},{"filename":"/workspaces/Airflow_learning/airflow/dags/demo_api_scrape_merge/dag.py","lineno":23,"name":"<module>"}],"is_group":false,"exceptions":[]}]}
{"timestamp":"2025-11-21T11:20:50.109946Z","level":"info","event":"Filling up the DagBag from /workspaces/Airflow_learning/airflow/dags/demo_api_scrape_merge/dag.py","logger":"airflow.models.dagbag.DagBag","filename":"dagbag.py","lineno":593}
{"timestamp":"2025-11-21T11:20:50.201285Z","level":"error","event":"Failed to import: /workspaces/Airflow_learning/airflow/dags/demo_api_scrape_merge/dag.py","logger":"airflow.models.dagbag.DagBag","filename":"dagbag.py","lineno":415,"error_detail":[{"exc_type":"TypeError","exc_value":"DAG.__init__() got an unexpected keyword argument 'schedule_interval'","exc_notes":[],"syntax_error":null,"is_cause":false,"frames":[{"filename":"/workspaces/Airflow_learning/.venv/lib/python3.12/site-packages/airflow/models/dagbag.py","lineno":405,"name":"parse"},{"filename":"<frozen importlib._bootstrap_external>","lineno":994,"name":"exec_module"},{"filename":"<frozen importlib._bootstrap>","lineno":488,"name":"_call_with_frames_removed"},{"filename":"/workspaces/Airflow_learning/airflow/dags/demo_api_scrape_merge/dag.py","lineno":23,"name":"<module>"}],"is_group":false,"exceptions":[]}]}
{"timestamp":"2025-11-21T11:20:54.284030Z","level":"info","event":"Filling up the DagBag from /workspaces/Airflow_learning/airflow/dags/demo_api_scrape_merge/dag.py","logger":"airflow.models.dagbag.DagBag","filename":"dagbag.py","lineno":593}
{"timestamp":"2025-11-21T11:20:54.351215Z","level":"error","event":"Failed to import: /workspaces/Airflow_learning/airflow/dags/demo_api_scrape_merge/dag.py","logger":"airflow.models.dagbag.DagBag","filename":"dagbag.py","lineno":415,"error_detail":[{"exc_type":"TypeError","exc_value":"DAG.__init__() got an unexpected keyword argument 'schedule_i'","exc_notes":[],"syntax_error":null,"is_cause":false,"frames":[{"filename":"/workspaces/Airflow_learning/.venv/lib/python3.12/site-packages/airflow/models/dagbag.py","lineno":405,"name":"parse"},{"filename":"<frozen importlib._bootstrap_external>","lineno":994,"name":"exec_module"},{"filename":"<frozen importlib._bootstrap>","lineno":488,"name":"_call_with_frames_removed"},{"filename":"/workspaces/Airflow_learning/airflow/dags/demo_api_scrape_merge/dag.py","lineno":23,"name":"<module>"}],"is_group":false,"exceptions":[]}]}
{"timestamp":"2025-11-21T11:21:25.826887Z","level":"info","event":"Filling up the DagBag from /workspaces/Airflow_learning/airflow/dags/demo_api_scrape_merge/dag.py","logger":"airflow.models.dagbag.DagBag","filename":"dagbag.py","lineno":593}
{"timestamp":"2025-11-21T11:21:56.452766Z","level":"info","event":"Filling up the DagBag from /workspaces/Airflow_learning/airflow/dags/demo_api_scrape_merge/dag.py","logger":"airflow.models.dagbag.DagBag","filename":"dagbag.py","lineno":593}
{"timestamp":"2025-11-21T11:22:26.628713Z","level":"info","event":"Filling up the DagBag from /workspaces/Airflow_learning/airflow/dags/demo_api_scrape_merge/dag.py","logger":"airflow.models.dagbag.DagBag","filename":"dagbag.py","lineno":593}
{"timestamp":"2025-11-21T11:23:06.241860Z","level":"info","event":"Filling up the DagBag from /workspaces/Airflow_learning/airflow/dags/demo_api_scrape_merge/dag.py","logger":"airflow.models.dagbag.DagBag","filename":"dagbag.py","lineno":593}
{"timestamp":"2025-11-21T11:23:36.991517Z","level":"info","event":"Filling up the DagBag from /workspaces/Airflow_learning/airflow/dags/demo_api_scrape_merge/dag.py","logger":"airflow.models.dagbag.DagBag","filename":"dagbag.py","lineno":593}
{"timestamp":"2025-11-21T11:24:07.149864Z","level":"info","event":"Filling up the DagBag from /workspaces/Airflow_learning/airflow/dags/demo_api_scrape_merge/dag.py","logger":"airflow.models.dagbag.DagBag","filename":"dagbag.py","lineno":593}
{"timestamp":"2025-11-21T11:25:28.649919Z","level":"info","event":"Filling up the DagBag from /workspaces/Airflow_learning/airflow/dags/demo_api_scrape_merge/dag.py","logger":"airflow.models.dagbag.DagBag","filename":"dagbag.py","lineno":593}
{"timestamp":"2025-11-21T11:26:00.003514Z","level":"info","event":"Filling up the DagBag from /workspaces/Airflow_learning/airflow/dags/demo_api_scrape_merge/dag.py","logger":"airflow.models.dagbag.DagBag","filename":"dagbag.py","lineno":593}
{"timestamp":"2025-11-21T11:26:30.248179Z","level":"info","event":"Filling up the DagBag from /workspaces/Airflow_learning/airflow/dags/demo_api_scrape_merge/dag.py","logger":"airflow.models.dagbag.DagBag","filename":"dagbag.py","lineno":593}
{"timestamp":"2025-11-21T11:27:00.839066Z","level":"info","event":"Filling up the DagBag from /workspaces/Airflow_learning/airflow/dags/demo_api_scrape_merge/dag.py","logger":"airflow.models.dagbag.DagBag","filename":"dagbag.py","lineno":593}
{"timestamp":"2025-11-21T11:27:31.485422Z","level":"info","event":"Filling up the DagBag from /workspaces/Airflow_learning/airflow/dags/demo_api_scrape_merge/dag.py","logger":"airflow.models.dagbag.DagBag","filename":"dagbag.py","lineno":593}
{"timestamp":"2025-11-21T11:28:02.322483Z","level":"info","event":"Filling up the DagBag from /workspaces/Airflow_learning/airflow/dags/demo_api_scrape_merge/dag.py","logger":"airflow.models.dagbag.DagBag","filename":"dagbag.py","lineno":593}
{"timestamp":"2025-11-21T11:28:33.077888Z","level":"info","event":"Filling up the DagBag from /workspaces/Airflow_learning/airflow/dags/demo_api_scrape_merge/dag.py","logger":"airflow.models.dagbag.DagBag","filename":"dagbag.py","lineno":593}
{"timestamp":"2025-11-21T11:29:03.626412Z","level":"info","event":"Filling up the DagBag from /workspaces/Airflow_learning/airflow/dags/demo_api_scrape_merge/dag.py","logger":"airflow.models.dagbag.DagBag","filename":"dagbag.py","lineno":593}
{"timestamp":"2025-11-21T11:29:34.112910Z","level":"info","event":"Filling up the DagBag from /workspaces/Airflow_learning/airflow/dags/demo_api_scrape_merge/dag.py","logger":"airflow.models.dagbag.DagBag","filename":"dagbag.py","lineno":593}
{"timestamp":"2025-11-21T11:30:04.753364Z","level":"info","event":"Filling up the DagBag from /workspaces/Airflow_learning/airflow/dags/demo_api_scrape_merge/dag.py","logger":"airflow.models.dagbag.DagBag","filename":"dagbag.py","lineno":593}
{"timestamp":"2025-11-21T11:30:35.563401Z","level":"info","event":"Filling up the DagBag from /workspaces/Airflow_learning/airflow/dags/demo_api_scrape_merge/dag.py","logger":"airflow.models.dagbag.DagBag","filename":"dagbag.py","lineno":593}
{"timestamp":"2025-11-21T11:31:05.748492Z","level":"info","event":"Filling up the DagBag from /workspaces/Airflow_learning/airflow/dags/demo_api_scrape_merge/dag.py","logger":"airflow.models.dagbag.DagBag","filename":"dagbag.py","lineno":593}
{"timestamp":"2025-11-21T11:31:36.194553Z","level":"info","event":"Filling up the DagBag from /workspaces/Airflow_learning/airflow/dags/demo_api_scrape_merge/dag.py","logger":"airflow.models.dagbag.DagBag","filename":"dagbag.py","lineno":593}
{"timestamp":"2025-11-21T11:32:06.977679Z","level":"info","event":"Filling up the DagBag from /workspaces/Airflow_learning/airflow/dags/demo_api_scrape_merge/dag.py","logger":"airflow.models.dagbag.DagBag","filename":"dagbag.py","lineno":593}
{"timestamp":"2025-11-21T11:32:37.820108Z","level":"info","event":"Filling up the DagBag from /workspaces/Airflow_learning/airflow/dags/demo_api_scrape_merge/dag.py","logger":"airflow.models.dagbag.DagBag","filename":"dagbag.py","lineno":593}
{"timestamp":"2025-11-21T11:33:08.651723Z","level":"info","event":"Filling up the DagBag from /workspaces/Airflow_learning/airflow/dags/demo_api_scrape_merge/dag.py","logger":"airflow.models.dagbag.DagBag","filename":"dagbag.py","lineno":593}
{"timestamp":"2025-11-21T11:33:38.831345Z","level":"info","event":"Filling up the DagBag from /workspaces/Airflow_learning/airflow/dags/demo_api_scrape_merge/dag.py","logger":"airflow.models.dagbag.DagBag","filename":"dagbag.py","lineno":593}
{"timestamp":"2025-11-21T11:34:09.626942Z","level":"info","event":"Filling up the DagBag from /workspaces/Airflow_learning/airflow/dags/demo_api_scrape_merge/dag.py","logger":"airflow.models.dagbag.DagBag","filename":"dagbag.py","lineno":593}
{"timestamp":"2025-11-21T11:34:39.784607Z","level":"info","event":"Filling up the DagBag from /workspaces/Airflow_learning/airflow/dags/demo_api_scrape_merge/dag.py","logger":"airflow.models.dagbag.DagBag","filename":"dagbag.py","lineno":593}
{"timestamp":"2025-11-21T11:35:10.414214Z","level":"info","event":"Filling up the DagBag from /workspaces/Airflow_learning/airflow/dags/demo_api_scrape_merge/dag.py","logger":"airflow.models.dagbag.DagBag","filename":"dagbag.py","lineno":593}
{"timestamp":"2025-11-21T11:35:41.239992Z","level":"info","event":"Filling up the DagBag from /workspaces/Airflow_learning/airflow/dags/demo_api_scrape_merge/dag.py","logger":"airflow.models.dagbag.DagBag","filename":"dagbag.py","lineno":593}
{"timestamp":"2025-11-21T11:36:11.972745Z","level":"info","event":"Filling up the DagBag from /workspaces/Airflow_learning/airflow/dags/demo_api_scrape_merge/dag.py","logger":"airflow.models.dagbag.DagBag","filename":"dagbag.py","lineno":593}
{"timestamp":"2025-11-21T11:36:42.604529Z","level":"info","event":"Filling up the DagBag from /workspaces/Airflow_learning/airflow/dags/demo_api_scrape_merge/dag.py","logger":"airflow.models.dagbag.DagBag","filename":"dagbag.py","lineno":593}
{"timestamp":"2025-11-21T11:37:13.077766Z","level":"info","event":"Filling up the DagBag from /workspaces/Airflow_learning/airflow/dags/demo_api_scrape_merge/dag.py","logger":"airflow.models.dagbag.DagBag","filename":"dagbag.py","lineno":593}
